C51 COMPILER V9.00   DELAY                                                                 05/19/2016 16:51:06 PAGE 1   


C51 COMPILER V9.00, COMPILATION OF MODULE DELAY
OBJECT MODULE PLACED IN .\Objects\delay.obj
COMPILER INVOKED BY: D:\Keil_v5\C51\BIN\C51.EXE delay.c LARGE OPTIMIZE(8,SPEED) BROWSE DEBUG OBJECTEXTEND PRINT(.\Listin
                    -gs\delay.lst) TABS(2) OBJECT(.\Objects\delay.obj)

line level    source

   1          #include <delay.h>
   2          #include <intrins.h>
   3          void Delay50us()    //@11.0592MHz
   4          {
   5   1        unsigned char i, j;
   6   1      
   7   1        _nop_();
   8   1        _nop_();
   9   1        _nop_();
  10   1        i = 1;
  11   1        j = 133;
  12   1        do
  13   1        {
  14   2          while (--j);
  15   2        } while (--i);
  16   1      }
  17          


MODULE INFORMATION:   STATIC OVERLAYABLE
   CODE SIZE        =     12    ----
   CONSTANT SIZE    =   ----    ----
   XDATA SIZE       =   ----    ----
   PDATA SIZE       =   ----    ----
   DATA SIZE        =   ----    ----
   IDATA SIZE       =   ----    ----
   BIT SIZE         =   ----    ----
END OF MODULE INFORMATION.


C51 COMPILATION COMPLETE.  0 WARNING(S),  0 ERROR(S)
